2025-03-25 01:23:44,300 - INFO - 开始分析: 2025-03-25 01:23:44.300852
2025-03-25 01:23:44,300 - INFO - 启动跨类型分析模式，将自动发现所有数据类型
2025-03-25 01:23:44,304 - INFO - 从文件名 device-event-0001-of-0003.json 使用模式 device-(\w+)-\d+ 推断出数据类型: event
2025-03-25 01:23:44,305 - INFO - 从目录名 udi 推断出数据类型
2025-03-25 01:23:44,305 - INFO - 从文件名 device-event-0002-of-0003.json 使用模式 device-(\w+)-\d+ 推断出数据类型: event
2025-03-25 01:23:44,305 - INFO - 从文件名 device-event-0001-of-0001.json 使用模式 device-(\w+)-\d+ 推断出数据类型: event
2025-03-25 01:23:44,305 - INFO - 从文件名 device-event-0003-of-0003.json 使用模式 device-(\w+)-\d+ 推断出数据类型: event
2025-03-25 01:23:44,305 - INFO - 从文件名 device-event-0010-of-0010.json 使用模式 device-(\w+)-\d+ 推断出数据类型: event
2025-03-25 01:23:44,305 - INFO - 从目录名 udi 推断出数据类型
2025-03-25 01:23:44,305 - INFO - 从文件名 device-event-0001-of-0003.json 使用模式 device-(\w+)-\d+ 推断出数据类型: event
2025-03-25 01:23:44,305 - INFO - 从文件名 device-event-0001-of-0001.json 使用模式 device-(\w+)-\d+ 推断出数据类型: event
2025-03-25 01:23:44,305 - INFO - 从文件名 device-event-0003-of-0003.json 使用模式 device-(\w+)-\d+ 推断出数据类型: event
2025-03-25 01:23:44,305 - INFO - 从目录名 udi 推断出数据类型
2025-03-25 01:23:44,305 - INFO - 从目录名 recall 推断出数据类型
2025-03-25 01:23:44,305 - INFO - 从文件名 device-event-0007-of-0009.json 使用模式 device-(\w+)-\d+ 推断出数据类型: event
2025-03-25 01:23:44,305 - INFO - 从文件名 device-event-0006-of-0006.json 使用模式 device-(\w+)-\d+ 推断出数据类型: event
2025-03-25 01:23:44,305 - INFO - 从文件名 device-event-0001-of-0001.json 使用模式 device-(\w+)-\d+ 推断出数据类型: event
2025-03-25 01:23:44,305 - INFO - 从文件名 device-event-0001-of-0001.json 使用模式 device-(\w+)-\d+ 推断出数据类型: event
2025-03-25 01:23:44,305 - INFO - 从文件名 device-event-0001-of-0001.json 使用模式 device-(\w+)-\d+ 推断出数据类型: event
2025-03-25 01:23:44,305 - INFO - 从文件名 device-event-0002-of-0006.json 使用模式 device-(\w+)-\d+ 推断出数据类型: event
2025-03-25 01:23:44,305 - INFO - 从文件名 device-event-0002-of-0006.json 使用模式 device-(\w+)-\d+ 推断出数据类型: event
2025-03-25 01:23:44,305 - INFO - 从文件名 device-event-0002-of-0003.json 使用模式 device-(\w+)-\d+ 推断出数据类型: event
2025-03-25 01:23:44,305 - INFO - 从目录结构发现的类型: 2004q3, 2018q3, 2022q3, 2017q3, 2005q4, 2000q3, 2004q4, 2015q1, recall, 1999q1, 2010q2, 2003q1, 2024q4, 2015q4, 2020q1, 2020q3, 2023q1, 2008q4, 2009q3, 2023q2, 2017q4, 1992q3, 1993q4, 1992q2, 1996q4, 2001q2, 1998q2, k510, 1994q1, 2010q4, 2011q2, 2014q3, 2012q4, 2017q1, 2013q1, 2014q2, 2022q4, 2013q4, 2020q2, 2011q3, 2004q2, 2023q3, 2019q2, 2019q3, 1992q1, 1995q4, 2020q4, classification, 2006q2, 1996q2, 2000q4, 2005q2, 1998q3, 2003q4, all_other, 2017q2, registrationlisting, 2001q3, 2021q1, 2006q1, 1992q4, 2016q2, 2010q3, udi, 2019q1, 2009q4, 2016q4, 2008q2, 2019q4, 2003q3, 2000q2, 2011q1, 2006q4, 2013q2, 1998q4, 2014q1, 2001q1, 2007q4, 2002q3, 2015q2, 2003q2, 2016q1, 1994q4, 2012q2, 2023q4, 2008q3, 2002q4, 2024q3, 2018q2, 1999q3, 2002q2, covid19serology, 2005q1, 2024q1, 2018q1, 2010q1, 2015q3, 2000q1, 2022q2, 2021q2, 2006q3, 2016q3, 1998q1, 1996q1, 1999q2, 1997q1, 2001q4, 2009q2, 1994q2, 2024q2, 1999q4, 2002q1, 1993q3, 2021q4, 2008q1, 2022q1, 2007q3, 2018q4, 1997q3, pma, 2009q1, 2005q3, 2012q3, enforcement, 1991q4, 2007q1, 2013q3, 1995q1, 1996q3, 2007q2, 1994q3, 1993q1, 1993q2, 2014q4, 2012q1, 2011q4, 1997q4, 1995q3, 1995q2, 2004q1, 1997q2, 2021q3
2025-03-25 01:23:44,305 - INFO - 从文件名模式发现的类型: classification, event, k510, covid19serology, enforcement
2025-03-25 01:23:44,305 - INFO - 从文件内容发现的类型: event, udi, recall
2025-03-25 01:23:44,305 - INFO - 最终发现的所有数据类型: 2004q3, 2018q3, 2022q3, 2017q3, 2005q4, 2000q3, 2004q4, 2015q1, recall, 1999q1, 2010q2, 2003q1, 2024q4, 2015q4, 2020q1, 2020q3, 2023q1, 2008q4, 2009q3, 2023q2, 2017q4, 1992q3, 1993q4, 1992q2, 1996q4, 2001q2, 1998q2, k510, 1994q1, 2010q4, 2011q2, 2014q3, 2012q4, 2017q1, 2013q1, 2014q2, 2022q4, 2013q4, 2020q2, 2011q3, event, 2004q2, 2023q3, 2019q2, 2019q3, 1992q1, 1995q4, 2020q4, classification, 2006q2, 1996q2, 2000q4, 2005q2, 1998q3, 2003q4, all_other, 2017q2, registrationlisting, 2001q3, 2021q1, 2006q1, 1992q4, 2016q2, 2010q3, udi, 2019q1, 2009q4, 2016q4, 2008q2, 2019q4, 2003q3, 2000q2, 2011q1, 2006q4, 2013q2, 1998q4, 2014q1, 2001q1, 2007q4, 2002q3, 2015q2, 2003q2, 2016q1, 1994q4, 2012q2, 2023q4, 2008q3, 2002q4, 2024q3, 2018q2, 1999q3, 2002q2, covid19serology, 2005q1, 2024q1, 2018q1, 2010q1, 2015q3, 2000q1, 2022q2, 2021q2, 2006q3, 2016q3, 1998q1, 1996q1, 1999q2, 1997q1, 2001q4, 2009q2, 1994q2, 2024q2, 1999q4, 2002q1, 1993q3, 2021q4, 2008q1, 2022q1, 2007q3, 2018q4, 1997q3, pma, 2009q1, 2005q3, 2012q3, enforcement, 1991q4, 2007q1, 2013q3, 1995q1, 1996q3, 2007q2, 1994q3, 1993q1, 1993q2, 2014q4, 2012q1, 2011q4, 1997q4, 1995q3, 1995q2, 2004q1, 1997q2, 2021q3
2025-03-25 01:23:44,305 - INFO - 开始分析数据类型: 2004q3
2025-03-25 01:23:44,307 - WARNING - 未找到匹配的文件: /Volumes/Lexar SSD 4TB - RAID0/GitHub/FAERS/datafiles/unzip/device/*2004q3*.json
2025-03-25 01:23:44,307 - WARNING - 注意: 启用递归搜索子目录
2025-03-25 01:23:44,307 - INFO - 开始分析数据类型: 2018q3
2025-03-25 01:23:44,310 - WARNING - 未找到匹配的文件: /Volumes/Lexar SSD 4TB - RAID0/GitHub/FAERS/datafiles/unzip/device/*2018q3*.json
2025-03-25 01:23:44,310 - WARNING - 注意: 启用递归搜索子目录
2025-03-25 01:23:44,311 - INFO - 开始分析数据类型: 2022q3
2025-03-25 01:23:44,313 - WARNING - 未找到匹配的文件: /Volumes/Lexar SSD 4TB - RAID0/GitHub/FAERS/datafiles/unzip/device/*2022q3*.json
2025-03-25 01:23:44,313 - WARNING - 注意: 启用递归搜索子目录
2025-03-25 01:23:44,313 - INFO - 开始分析数据类型: 2017q3
2025-03-25 01:23:44,315 - WARNING - 未找到匹配的文件: /Volumes/Lexar SSD 4TB - RAID0/GitHub/FAERS/datafiles/unzip/device/*2017q3*.json
2025-03-25 01:23:44,315 - WARNING - 注意: 启用递归搜索子目录
2025-03-25 01:23:44,315 - INFO - 开始分析数据类型: 2005q4
2025-03-25 01:23:44,317 - WARNING - 未找到匹配的文件: /Volumes/Lexar SSD 4TB - RAID0/GitHub/FAERS/datafiles/unzip/device/*2005q4*.json
2025-03-25 01:23:44,317 - WARNING - 注意: 启用递归搜索子目录
2025-03-25 01:23:44,317 - INFO - 开始分析数据类型: 2000q3
2025-03-25 01:23:44,319 - WARNING - 未找到匹配的文件: /Volumes/Lexar SSD 4TB - RAID0/GitHub/FAERS/datafiles/unzip/device/*2000q3*.json
2025-03-25 01:23:44,319 - WARNING - 注意: 启用递归搜索子目录
2025-03-25 01:23:44,319 - INFO - 开始分析数据类型: 2004q4
2025-03-25 01:23:44,321 - WARNING - 未找到匹配的文件: /Volumes/Lexar SSD 4TB - RAID0/GitHub/FAERS/datafiles/unzip/device/*2004q4*.json
2025-03-25 01:23:44,321 - WARNING - 注意: 启用递归搜索子目录
2025-03-25 01:23:44,321 - INFO - 开始分析数据类型: 2015q1
2025-03-25 01:23:44,323 - WARNING - 未找到匹配的文件: /Volumes/Lexar SSD 4TB - RAID0/GitHub/FAERS/datafiles/unzip/device/*2015q1*.json
2025-03-25 01:23:44,323 - WARNING - 注意: 启用递归搜索子目录
2025-03-25 01:23:44,323 - INFO - 开始分析数据类型: recall
2025-03-25 01:23:44,325 - INFO - 找到 1 个匹配文件，将处理其中 1 个
2025-03-25 01:23:44,325 - INFO - 处理文件 1/1: device-recall-0001-of-0001.json (/Volumes/Lexar SSD 4TB - RAID0/GitHub/FAERS/datafiles/unzip/device/recall/device-recall-0001-of-0001.json)
2025-03-25 01:23:48,575 - INFO - 已生成表结构CSV: ./output/recall_tables.csv
2025-03-25 01:23:48,575 - INFO - 已生成字段映射CSV: ./output/recall_fields.csv
2025-03-25 01:23:48,576 - INFO - 已生成表关系CSV: ./output/recall_relationships.csv
2025-03-25 01:23:48,576 - INFO - 已生成优化后的表DDL: ./output/recall_tables_optimized.sql
2025-03-25 01:23:48,577 - INFO - 已生成路径统计CSV: ./output/recall_paths.csv
2025-03-25 01:23:48,577 - INFO - 开始分析数据类型: 1999q1
2025-03-25 01:23:48,579 - WARNING - 未找到匹配的文件: /Volumes/Lexar SSD 4TB - RAID0/GitHub/FAERS/datafiles/unzip/device/*1999q1*.json
2025-03-25 01:23:48,579 - WARNING - 注意: 启用递归搜索子目录
2025-03-25 01:23:48,579 - INFO - 开始分析数据类型: 2010q2
2025-03-25 01:23:48,581 - WARNING - 未找到匹配的文件: /Volumes/Lexar SSD 4TB - RAID0/GitHub/FAERS/datafiles/unzip/device/*2010q2*.json
2025-03-25 01:23:48,581 - WARNING - 注意: 启用递归搜索子目录
2025-03-25 01:23:48,581 - INFO - 开始分析数据类型: 2003q1
2025-03-25 01:23:48,583 - WARNING - 未找到匹配的文件: /Volumes/Lexar SSD 4TB - RAID0/GitHub/FAERS/datafiles/unzip/device/*2003q1*.json
2025-03-25 01:23:48,583 - WARNING - 注意: 启用递归搜索子目录
2025-03-25 01:23:48,583 - INFO - 开始分析数据类型: 2024q4
2025-03-25 01:23:48,585 - WARNING - 未找到匹配的文件: /Volumes/Lexar SSD 4TB - RAID0/GitHub/FAERS/datafiles/unzip/device/*2024q4*.json
2025-03-25 01:23:48,586 - WARNING - 注意: 启用递归搜索子目录
2025-03-25 01:23:48,586 - INFO - 开始分析数据类型: 2015q4
2025-03-25 01:23:48,588 - WARNING - 未找到匹配的文件: /Volumes/Lexar SSD 4TB - RAID0/GitHub/FAERS/datafiles/unzip/device/*2015q4*.json
2025-03-25 01:23:48,588 - WARNING - 注意: 启用递归搜索子目录
2025-03-25 01:23:48,588 - INFO - 开始分析数据类型: 2020q1
2025-03-25 01:23:48,590 - WARNING - 未找到匹配的文件: /Volumes/Lexar SSD 4TB - RAID0/GitHub/FAERS/datafiles/unzip/device/*2020q1*.json
2025-03-25 01:23:48,590 - WARNING - 注意: 启用递归搜索子目录
2025-03-25 01:23:48,590 - INFO - 开始分析数据类型: 2020q3
2025-03-25 01:23:48,592 - WARNING - 未找到匹配的文件: /Volumes/Lexar SSD 4TB - RAID0/GitHub/FAERS/datafiles/unzip/device/*2020q3*.json
2025-03-25 01:23:48,592 - WARNING - 注意: 启用递归搜索子目录
2025-03-25 01:23:48,592 - INFO - 开始分析数据类型: 2023q1
2025-03-25 01:23:48,594 - WARNING - 未找到匹配的文件: /Volumes/Lexar SSD 4TB - RAID0/GitHub/FAERS/datafiles/unzip/device/*2023q1*.json
2025-03-25 01:23:48,594 - WARNING - 注意: 启用递归搜索子目录
2025-03-25 01:23:48,594 - INFO - 开始分析数据类型: 2008q4
2025-03-25 01:23:48,595 - WARNING - 未找到匹配的文件: /Volumes/Lexar SSD 4TB - RAID0/GitHub/FAERS/datafiles/unzip/device/*2008q4*.json
2025-03-25 01:23:48,595 - WARNING - 注意: 启用递归搜索子目录
2025-03-25 01:23:48,595 - INFO - 开始分析数据类型: 2009q3
2025-03-25 01:23:48,598 - WARNING - 未找到匹配的文件: /Volumes/Lexar SSD 4TB - RAID0/GitHub/FAERS/datafiles/unzip/device/*2009q3*.json
2025-03-25 01:23:48,598 - WARNING - 注意: 启用递归搜索子目录
2025-03-25 01:23:48,598 - INFO - 开始分析数据类型: 2023q2
2025-03-25 01:23:48,599 - WARNING - 未找到匹配的文件: /Volumes/Lexar SSD 4TB - RAID0/GitHub/FAERS/datafiles/unzip/device/*2023q2*.json
2025-03-25 01:23:48,599 - WARNING - 注意: 启用递归搜索子目录
2025-03-25 01:23:48,599 - INFO - 开始分析数据类型: 2017q4
2025-03-25 01:23:48,601 - WARNING - 未找到匹配的文件: /Volumes/Lexar SSD 4TB - RAID0/GitHub/FAERS/datafiles/unzip/device/*2017q4*.json
2025-03-25 01:23:48,601 - WARNING - 注意: 启用递归搜索子目录
2025-03-25 01:23:48,601 - INFO - 开始分析数据类型: 1992q3
2025-03-25 01:23:48,603 - WARNING - 未找到匹配的文件: /Volumes/Lexar SSD 4TB - RAID0/GitHub/FAERS/datafiles/unzip/device/*1992q3*.json
2025-03-25 01:23:48,603 - WARNING - 注意: 启用递归搜索子目录
2025-03-25 01:23:48,603 - INFO - 开始分析数据类型: 1993q4
2025-03-25 01:23:48,605 - WARNING - 未找到匹配的文件: /Volumes/Lexar SSD 4TB - RAID0/GitHub/FAERS/datafiles/unzip/device/*1993q4*.json
2025-03-25 01:23:48,605 - WARNING - 注意: 启用递归搜索子目录
2025-03-25 01:23:48,605 - INFO - 开始分析数据类型: 1992q2
2025-03-25 01:23:48,607 - WARNING - 未找到匹配的文件: /Volumes/Lexar SSD 4TB - RAID0/GitHub/FAERS/datafiles/unzip/device/*1992q2*.json
2025-03-25 01:23:48,607 - WARNING - 注意: 启用递归搜索子目录
2025-03-25 01:23:48,607 - INFO - 开始分析数据类型: 1996q4
2025-03-25 01:23:48,609 - WARNING - 未找到匹配的文件: /Volumes/Lexar SSD 4TB - RAID0/GitHub/FAERS/datafiles/unzip/device/*1996q4*.json
2025-03-25 01:23:48,609 - WARNING - 注意: 启用递归搜索子目录
2025-03-25 01:23:48,609 - INFO - 开始分析数据类型: 2001q2
2025-03-25 01:23:48,611 - WARNING - 未找到匹配的文件: /Volumes/Lexar SSD 4TB - RAID0/GitHub/FAERS/datafiles/unzip/device/*2001q2*.json
2025-03-25 01:23:48,611 - WARNING - 注意: 启用递归搜索子目录
2025-03-25 01:23:48,611 - INFO - 开始分析数据类型: 1998q2
2025-03-25 01:23:48,613 - WARNING - 未找到匹配的文件: /Volumes/Lexar SSD 4TB - RAID0/GitHub/FAERS/datafiles/unzip/device/*1998q2*.json
2025-03-25 01:23:48,613 - WARNING - 注意: 启用递归搜索子目录
2025-03-25 01:23:48,613 - INFO - 开始分析数据类型: k510
2025-03-25 01:23:48,615 - INFO - 找到 1 个匹配文件，将处理其中 1 个
2025-03-25 01:23:48,615 - INFO - 处理文件 1/1: device-510k-0001-of-0001.json (/Volumes/Lexar SSD 4TB - RAID0/GitHub/FAERS/datafiles/unzip/device/510k/device-510k-0001-of-0001.json)
2025-03-25 01:23:55,808 - INFO - 已生成表结构CSV: ./output/fda_k510_tables.csv
2025-03-25 01:23:55,809 - INFO - 已生成字段映射CSV: ./output/fda_k510_fields.csv
2025-03-25 01:23:55,809 - INFO - 已生成表关系CSV: ./output/fda_k510_relationships.csv
2025-03-25 01:23:55,810 - INFO - 已生成优化后的表DDL: ./output/fda_k510_tables_optimized.sql
2025-03-25 01:23:55,810 - INFO - 已生成路径统计CSV: ./output/fda_k510_paths.csv
2025-03-25 01:23:55,810 - INFO - 开始分析数据类型: 1994q1
2025-03-25 01:23:55,813 - WARNING - 未找到匹配的文件: /Volumes/Lexar SSD 4TB - RAID0/GitHub/FAERS/datafiles/unzip/device/*1994q1*.json
2025-03-25 01:23:55,813 - WARNING - 注意: 启用递归搜索子目录
2025-03-25 01:23:55,813 - INFO - 开始分析数据类型: 2010q4
2025-03-25 01:23:55,815 - WARNING - 未找到匹配的文件: /Volumes/Lexar SSD 4TB - RAID0/GitHub/FAERS/datafiles/unzip/device/*2010q4*.json
2025-03-25 01:23:55,815 - WARNING - 注意: 启用递归搜索子目录
2025-03-25 01:23:55,815 - INFO - 开始分析数据类型: 2011q2
2025-03-25 01:23:55,817 - WARNING - 未找到匹配的文件: /Volumes/Lexar SSD 4TB - RAID0/GitHub/FAERS/datafiles/unzip/device/*2011q2*.json
2025-03-25 01:23:55,817 - WARNING - 注意: 启用递归搜索子目录
2025-03-25 01:23:55,817 - INFO - 开始分析数据类型: 2014q3
2025-03-25 01:23:55,819 - WARNING - 未找到匹配的文件: /Volumes/Lexar SSD 4TB - RAID0/GitHub/FAERS/datafiles/unzip/device/*2014q3*.json
2025-03-25 01:23:55,819 - WARNING - 注意: 启用递归搜索子目录
2025-03-25 01:23:55,819 - INFO - 开始分析数据类型: 2012q4
2025-03-25 01:23:55,821 - WARNING - 未找到匹配的文件: /Volumes/Lexar SSD 4TB - RAID0/GitHub/FAERS/datafiles/unzip/device/*2012q4*.json
2025-03-25 01:23:55,821 - WARNING - 注意: 启用递归搜索子目录
2025-03-25 01:23:55,821 - INFO - 开始分析数据类型: 2017q1
2025-03-25 01:23:55,823 - WARNING - 未找到匹配的文件: /Volumes/Lexar SSD 4TB - RAID0/GitHub/FAERS/datafiles/unzip/device/*2017q1*.json
2025-03-25 01:23:55,823 - WARNING - 注意: 启用递归搜索子目录
2025-03-25 01:23:55,823 - INFO - 开始分析数据类型: 2013q1
2025-03-25 01:23:55,825 - WARNING - 未找到匹配的文件: /Volumes/Lexar SSD 4TB - RAID0/GitHub/FAERS/datafiles/unzip/device/*2013q1*.json
2025-03-25 01:23:55,825 - WARNING - 注意: 启用递归搜索子目录
2025-03-25 01:23:55,825 - INFO - 开始分析数据类型: 2014q2
2025-03-25 01:23:55,827 - WARNING - 未找到匹配的文件: /Volumes/Lexar SSD 4TB - RAID0/GitHub/FAERS/datafiles/unzip/device/*2014q2*.json
2025-03-25 01:23:55,827 - WARNING - 注意: 启用递归搜索子目录
2025-03-25 01:23:55,827 - INFO - 开始分析数据类型: 2022q4
2025-03-25 01:23:55,829 - WARNING - 未找到匹配的文件: /Volumes/Lexar SSD 4TB - RAID0/GitHub/FAERS/datafiles/unzip/device/*2022q4*.json
2025-03-25 01:23:55,829 - WARNING - 注意: 启用递归搜索子目录
2025-03-25 01:23:55,829 - INFO - 开始分析数据类型: 2013q4
2025-03-25 01:23:55,830 - WARNING - 未找到匹配的文件: /Volumes/Lexar SSD 4TB - RAID0/GitHub/FAERS/datafiles/unzip/device/*2013q4*.json
2025-03-25 01:23:55,830 - WARNING - 注意: 启用递归搜索子目录
2025-03-25 01:23:55,830 - INFO - 开始分析数据类型: 2020q2
2025-03-25 01:23:55,833 - WARNING - 未找到匹配的文件: /Volumes/Lexar SSD 4TB - RAID0/GitHub/FAERS/datafiles/unzip/device/*2020q2*.json
2025-03-25 01:23:55,833 - WARNING - 注意: 启用递归搜索子目录
2025-03-25 01:23:55,833 - INFO - 开始分析数据类型: 2011q3
2025-03-25 01:23:55,835 - WARNING - 未找到匹配的文件: /Volumes/Lexar SSD 4TB - RAID0/GitHub/FAERS/datafiles/unzip/device/*2011q3*.json
2025-03-25 01:23:55,835 - WARNING - 注意: 启用递归搜索子目录
2025-03-25 01:23:55,835 - INFO - 开始分析数据类型: event
2025-03-25 01:23:55,837 - INFO - 找到 10 个匹配文件，将处理其中 10 个
2025-03-25 01:23:55,837 - INFO - 处理文件 1/10: device-event-0001-of-0001.json (/Volumes/Lexar SSD 4TB - RAID0/GitHub/FAERS/datafiles/unzip/device/event/1991q4/device-event-0001-of-0001.json)
2025-03-25 01:23:55,839 - INFO - 处理文件 2/10: device-event-0001-of-0001.json (/Volumes/Lexar SSD 4TB - RAID0/GitHub/FAERS/datafiles/unzip/device/event/1992q1/device-event-0001-of-0001.json)
2025-03-25 01:23:55,889 - INFO - 处理文件 3/10: device-event-0001-of-0001.json (/Volumes/Lexar SSD 4TB - RAID0/GitHub/FAERS/datafiles/unzip/device/event/1992q2/device-event-0001-of-0001.json)
2025-03-25 01:23:55,956 - INFO - 处理文件 4/10: device-event-0001-of-0001.json (/Volumes/Lexar SSD 4TB - RAID0/GitHub/FAERS/datafiles/unzip/device/event/1992q3/device-event-0001-of-0001.json)
2025-03-25 01:23:56,203 - INFO - 处理文件 5/10: device-event-0001-of-0001.json (/Volumes/Lexar SSD 4TB - RAID0/GitHub/FAERS/datafiles/unzip/device/event/1992q4/device-event-0001-of-0001.json)
2025-03-25 01:23:56,276 - INFO - 处理文件 6/10: device-event-0001-of-0001.json (/Volumes/Lexar SSD 4TB - RAID0/GitHub/FAERS/datafiles/unzip/device/event/1993q1/device-event-0001-of-0001.json)
2025-03-25 01:23:56,424 - INFO - 处理文件 7/10: device-event-0001-of-0001.json (/Volumes/Lexar SSD 4TB - RAID0/GitHub/FAERS/datafiles/unzip/device/event/1993q2/device-event-0001-of-0001.json)
2025-03-25 01:23:56,534 - INFO - 处理文件 8/10: device-event-0001-of-0001.json (/Volumes/Lexar SSD 4TB - RAID0/GitHub/FAERS/datafiles/unzip/device/event/1993q3/device-event-0001-of-0001.json)
2025-03-25 01:23:56,721 - INFO - 处理文件 9/10: device-event-0001-of-0001.json (/Volumes/Lexar SSD 4TB - RAID0/GitHub/FAERS/datafiles/unzip/device/event/1993q4/device-event-0001-of-0001.json)
2025-03-25 01:23:56,879 - INFO - 处理文件 10/10: device-event-0001-of-0001.json (/Volumes/Lexar SSD 4TB - RAID0/GitHub/FAERS/datafiles/unzip/device/event/1994q1/device-event-0001-of-0001.json)
2025-03-25 01:23:57,397 - INFO - 已生成表结构CSV: ./output/event_tables.csv
2025-03-25 01:23:57,399 - INFO - 已生成字段映射CSV: ./output/event_fields.csv
2025-03-25 01:23:57,399 - INFO - 已生成表关系CSV: ./output/event_relationships.csv
2025-03-25 01:23:57,400 - INFO - 已生成优化后的表DDL: ./output/event_tables_optimized.sql
2025-03-25 01:23:57,401 - INFO - 已生成路径统计CSV: ./output/event_paths.csv
2025-03-25 01:23:57,401 - INFO - 开始分析数据类型: 2004q2
2025-03-25 01:23:57,404 - WARNING - 未找到匹配的文件: /Volumes/Lexar SSD 4TB - RAID0/GitHub/FAERS/datafiles/unzip/device/*2004q2*.json
2025-03-25 01:23:57,404 - WARNING - 注意: 启用递归搜索子目录
2025-03-25 01:23:57,404 - INFO - 开始分析数据类型: 2023q3
2025-03-25 01:23:57,406 - WARNING - 未找到匹配的文件: /Volumes/Lexar SSD 4TB - RAID0/GitHub/FAERS/datafiles/unzip/device/*2023q3*.json
2025-03-25 01:23:57,406 - WARNING - 注意: 启用递归搜索子目录
2025-03-25 01:23:57,406 - INFO - 开始分析数据类型: 2019q2
2025-03-25 01:23:57,408 - WARNING - 未找到匹配的文件: /Volumes/Lexar SSD 4TB - RAID0/GitHub/FAERS/datafiles/unzip/device/*2019q2*.json
2025-03-25 01:23:57,408 - WARNING - 注意: 启用递归搜索子目录
2025-03-25 01:23:57,408 - INFO - 开始分析数据类型: 2019q3
2025-03-25 01:23:57,409 - WARNING - 未找到匹配的文件: /Volumes/Lexar SSD 4TB - RAID0/GitHub/FAERS/datafiles/unzip/device/*2019q3*.json
2025-03-25 01:23:57,410 - WARNING - 注意: 启用递归搜索子目录
2025-03-25 01:23:57,410 - INFO - 开始分析数据类型: 1992q1
2025-03-25 01:23:57,411 - WARNING - 未找到匹配的文件: /Volumes/Lexar SSD 4TB - RAID0/GitHub/FAERS/datafiles/unzip/device/*1992q1*.json
2025-03-25 01:23:57,411 - WARNING - 注意: 启用递归搜索子目录
2025-03-25 01:23:57,411 - INFO - 开始分析数据类型: 1995q4
2025-03-25 01:23:57,413 - WARNING - 未找到匹配的文件: /Volumes/Lexar SSD 4TB - RAID0/GitHub/FAERS/datafiles/unzip/device/*1995q4*.json
2025-03-25 01:23:57,413 - WARNING - 注意: 启用递归搜索子目录
2025-03-25 01:23:57,413 - INFO - 开始分析数据类型: 2020q4
2025-03-25 01:23:57,415 - WARNING - 未找到匹配的文件: /Volumes/Lexar SSD 4TB - RAID0/GitHub/FAERS/datafiles/unzip/device/*2020q4*.json
2025-03-25 01:23:57,415 - WARNING - 注意: 启用递归搜索子目录
2025-03-25 01:23:57,415 - INFO - 开始分析数据类型: classification
2025-03-25 01:23:57,417 - INFO - 找到 1 个匹配文件，将处理其中 1 个
2025-03-25 01:23:57,417 - INFO - 处理文件 1/1: device-classification-0001-of-0001.json (/Volumes/Lexar SSD 4TB - RAID0/GitHub/FAERS/datafiles/unzip/device/classification/device-classification-0001-of-0001.json)
2025-03-25 01:23:57,571 - INFO - 已生成表结构CSV: ./output/classification_tables.csv
2025-03-25 01:23:57,571 - INFO - 已生成字段映射CSV: ./output/classification_fields.csv
2025-03-25 01:23:57,572 - INFO - 已生成表关系CSV: ./output/classification_relationships.csv
2025-03-25 01:23:57,572 - INFO - 已生成优化后的表DDL: ./output/classification_tables_optimized.sql
2025-03-25 01:23:57,572 - INFO - 已生成路径统计CSV: ./output/classification_paths.csv
2025-03-25 01:23:57,572 - INFO - 开始分析数据类型: 2006q2
2025-03-25 01:23:57,575 - WARNING - 未找到匹配的文件: /Volumes/Lexar SSD 4TB - RAID0/GitHub/FAERS/datafiles/unzip/device/*2006q2*.json
2025-03-25 01:23:57,575 - WARNING - 注意: 启用递归搜索子目录
2025-03-25 01:23:57,575 - INFO - 开始分析数据类型: 1996q2
2025-03-25 01:23:57,577 - WARNING - 未找到匹配的文件: /Volumes/Lexar SSD 4TB - RAID0/GitHub/FAERS/datafiles/unzip/device/*1996q2*.json
2025-03-25 01:23:57,577 - WARNING - 注意: 启用递归搜索子目录
2025-03-25 01:23:57,577 - INFO - 开始分析数据类型: 2000q4
2025-03-25 01:23:57,578 - WARNING - 未找到匹配的文件: /Volumes/Lexar SSD 4TB - RAID0/GitHub/FAERS/datafiles/unzip/device/*2000q4*.json
2025-03-25 01:23:57,578 - WARNING - 注意: 启用递归搜索子目录
2025-03-25 01:23:57,578 - INFO - 开始分析数据类型: 2005q2
2025-03-25 01:23:57,580 - WARNING - 未找到匹配的文件: /Volumes/Lexar SSD 4TB - RAID0/GitHub/FAERS/datafiles/unzip/device/*2005q2*.json
2025-03-25 01:23:57,580 - WARNING - 注意: 启用递归搜索子目录
2025-03-25 01:23:57,580 - INFO - 开始分析数据类型: 1998q3
2025-03-25 01:23:57,582 - WARNING - 未找到匹配的文件: /Volumes/Lexar SSD 4TB - RAID0/GitHub/FAERS/datafiles/unzip/device/*1998q3*.json
2025-03-25 01:23:57,582 - WARNING - 注意: 启用递归搜索子目录
2025-03-25 01:23:57,582 - INFO - 开始分析数据类型: 2003q4
2025-03-25 01:23:57,584 - WARNING - 未找到匹配的文件: /Volumes/Lexar SSD 4TB - RAID0/GitHub/FAERS/datafiles/unzip/device/*2003q4*.json
2025-03-25 01:23:57,584 - WARNING - 注意: 启用递归搜索子目录
2025-03-25 01:23:57,584 - INFO - 开始分析数据类型: all_other
2025-03-25 01:23:57,586 - WARNING - 未找到匹配的文件: /Volumes/Lexar SSD 4TB - RAID0/GitHub/FAERS/datafiles/unzip/device/*all_other*.json
2025-03-25 01:23:57,586 - WARNING - 注意: 启用递归搜索子目录
2025-03-25 01:23:57,586 - INFO - 开始分析数据类型: 2017q2
2025-03-25 01:23:57,588 - WARNING - 未找到匹配的文件: /Volumes/Lexar SSD 4TB - RAID0/GitHub/FAERS/datafiles/unzip/device/*2017q2*.json
2025-03-25 01:23:57,588 - WARNING - 注意: 启用递归搜索子目录
2025-03-25 01:23:57,588 - INFO - 开始分析数据类型: registrationlisting
2025-03-25 01:23:57,590 - INFO - 找到 2 个匹配文件，将处理其中 2 个
2025-03-25 01:23:57,590 - INFO - 处理文件 1/2: device-registrationlisting-0001-of-0002.json (/Volumes/Lexar SSD 4TB - RAID0/GitHub/FAERS/datafiles/unzip/device/registrationlisting/device-registrationlisting-0001-of-0002.json)
2025-03-25 01:24:06,381 - INFO - 处理文件 2/2: device-registrationlisting-0002-of-0002.json (/Volumes/Lexar SSD 4TB - RAID0/GitHub/FAERS/datafiles/unzip/device/registrationlisting/device-registrationlisting-0002-of-0002.json)
2025-03-25 01:24:11,751 - INFO - 已生成表结构CSV: ./output/registrationlisting_tables.csv
2025-03-25 01:24:11,752 - INFO - 已生成字段映射CSV: ./output/registrationlisting_fields.csv
2025-03-25 01:24:11,752 - INFO - 已生成表关系CSV: ./output/registrationlisting_relationships.csv
2025-03-25 01:24:11,753 - INFO - 已生成优化后的表DDL: ./output/registrationlisting_tables_optimized.sql
2025-03-25 01:24:11,753 - INFO - 已生成路径统计CSV: ./output/registrationlisting_paths.csv
2025-03-25 01:24:11,753 - INFO - 开始分析数据类型: 2001q3
2025-03-25 01:24:11,756 - WARNING - 未找到匹配的文件: /Volumes/Lexar SSD 4TB - RAID0/GitHub/FAERS/datafiles/unzip/device/*2001q3*.json
2025-03-25 01:24:11,756 - WARNING - 注意: 启用递归搜索子目录
2025-03-25 01:24:11,756 - INFO - 开始分析数据类型: 2021q1
2025-03-25 01:24:11,758 - WARNING - 未找到匹配的文件: /Volumes/Lexar SSD 4TB - RAID0/GitHub/FAERS/datafiles/unzip/device/*2021q1*.json
2025-03-25 01:24:11,758 - WARNING - 注意: 启用递归搜索子目录
2025-03-25 01:24:11,758 - INFO - 开始分析数据类型: 2006q1
2025-03-25 01:24:11,760 - WARNING - 未找到匹配的文件: /Volumes/Lexar SSD 4TB - RAID0/GitHub/FAERS/datafiles/unzip/device/*2006q1*.json
2025-03-25 01:24:11,760 - WARNING - 注意: 启用递归搜索子目录
2025-03-25 01:24:11,760 - INFO - 开始分析数据类型: 1992q4
2025-03-25 01:24:11,762 - WARNING - 未找到匹配的文件: /Volumes/Lexar SSD 4TB - RAID0/GitHub/FAERS/datafiles/unzip/device/*1992q4*.json
2025-03-25 01:24:11,762 - WARNING - 注意: 启用递归搜索子目录
2025-03-25 01:24:11,762 - INFO - 开始分析数据类型: 2016q2
2025-03-25 01:24:11,764 - WARNING - 未找到匹配的文件: /Volumes/Lexar SSD 4TB - RAID0/GitHub/FAERS/datafiles/unzip/device/*2016q2*.json
2025-03-25 01:24:11,764 - WARNING - 注意: 启用递归搜索子目录
2025-03-25 01:24:11,764 - INFO - 开始分析数据类型: 2010q3
2025-03-25 01:24:11,766 - WARNING - 未找到匹配的文件: /Volumes/Lexar SSD 4TB - RAID0/GitHub/FAERS/datafiles/unzip/device/*2010q3*.json
2025-03-25 01:24:11,766 - WARNING - 注意: 启用递归搜索子目录
2025-03-25 01:24:11,766 - INFO - 开始分析数据类型: udi
2025-03-25 01:24:11,768 - INFO - 找到 10 个匹配文件，将处理其中 10 个
2025-03-25 01:24:11,768 - INFO - 处理文件 1/10: device-udi-0001-of-0044.json (/Volumes/Lexar SSD 4TB - RAID0/GitHub/FAERS/datafiles/unzip/device/udi/device-udi-0001-of-0044.json)
2025-03-25 01:24:22,167 - INFO - 处理文件 2/10: device-udi-0002-of-0044.json (/Volumes/Lexar SSD 4TB - RAID0/GitHub/FAERS/datafiles/unzip/device/udi/device-udi-0002-of-0044.json)
2025-03-25 01:24:33,201 - INFO - 处理文件 3/10: device-udi-0003-of-0044.json (/Volumes/Lexar SSD 4TB - RAID0/GitHub/FAERS/datafiles/unzip/device/udi/device-udi-0003-of-0044.json)
2025-03-25 01:24:44,112 - INFO - 处理文件 4/10: device-udi-0004-of-0044.json (/Volumes/Lexar SSD 4TB - RAID0/GitHub/FAERS/datafiles/unzip/device/udi/device-udi-0004-of-0044.json)
2025-03-25 01:24:54,965 - INFO - 处理文件 5/10: device-udi-0005-of-0044.json (/Volumes/Lexar SSD 4TB - RAID0/GitHub/FAERS/datafiles/unzip/device/udi/device-udi-0005-of-0044.json)
2025-03-25 01:25:05,919 - INFO - 处理文件 6/10: device-udi-0006-of-0044.json (/Volumes/Lexar SSD 4TB - RAID0/GitHub/FAERS/datafiles/unzip/device/udi/device-udi-0006-of-0044.json)
2025-03-25 01:25:17,065 - INFO - 处理文件 7/10: device-udi-0007-of-0044.json (/Volumes/Lexar SSD 4TB - RAID0/GitHub/FAERS/datafiles/unzip/device/udi/device-udi-0007-of-0044.json)
2025-03-25 01:25:28,290 - INFO - 处理文件 8/10: device-udi-0008-of-0044.json (/Volumes/Lexar SSD 4TB - RAID0/GitHub/FAERS/datafiles/unzip/device/udi/device-udi-0008-of-0044.json)
2025-03-25 01:25:39,375 - INFO - 处理文件 9/10: device-udi-0009-of-0044.json (/Volumes/Lexar SSD 4TB - RAID0/GitHub/FAERS/datafiles/unzip/device/udi/device-udi-0009-of-0044.json)
2025-03-25 01:25:50,585 - INFO - 处理文件 10/10: device-udi-0010-of-0044.json (/Volumes/Lexar SSD 4TB - RAID0/GitHub/FAERS/datafiles/unzip/device/udi/device-udi-0010-of-0044.json)
2025-03-25 01:26:01,563 - INFO - 已生成表结构CSV: ./output/udi_tables.csv
2025-03-25 01:26:01,563 - INFO - 已生成字段映射CSV: ./output/udi_fields.csv
2025-03-25 01:26:01,564 - INFO - 已生成表关系CSV: ./output/udi_relationships.csv
2025-03-25 01:26:01,564 - INFO - 已生成优化后的表DDL: ./output/udi_tables_optimized.sql
2025-03-25 01:26:01,565 - INFO - 已生成路径统计CSV: ./output/udi_paths.csv
2025-03-25 01:26:01,565 - INFO - 开始分析数据类型: 2019q1
2025-03-25 01:26:01,572 - WARNING - 未找到匹配的文件: /Volumes/Lexar SSD 4TB - RAID0/GitHub/FAERS/datafiles/unzip/device/*2019q1*.json
2025-03-25 01:26:01,572 - WARNING - 注意: 启用递归搜索子目录
2025-03-25 01:26:01,572 - INFO - 开始分析数据类型: 2009q4
2025-03-25 01:26:01,574 - WARNING - 未找到匹配的文件: /Volumes/Lexar SSD 4TB - RAID0/GitHub/FAERS/datafiles/unzip/device/*2009q4*.json
2025-03-25 01:26:01,574 - WARNING - 注意: 启用递归搜索子目录
2025-03-25 01:26:01,574 - INFO - 开始分析数据类型: 2016q4
2025-03-25 01:26:01,576 - WARNING - 未找到匹配的文件: /Volumes/Lexar SSD 4TB - RAID0/GitHub/FAERS/datafiles/unzip/device/*2016q4*.json
2025-03-25 01:26:01,577 - WARNING - 注意: 启用递归搜索子目录
2025-03-25 01:26:01,577 - INFO - 开始分析数据类型: 2008q2
2025-03-25 01:26:01,579 - WARNING - 未找到匹配的文件: /Volumes/Lexar SSD 4TB - RAID0/GitHub/FAERS/datafiles/unzip/device/*2008q2*.json
2025-03-25 01:26:01,579 - WARNING - 注意: 启用递归搜索子目录
2025-03-25 01:26:01,579 - INFO - 开始分析数据类型: 2019q4
2025-03-25 01:26:01,580 - WARNING - 未找到匹配的文件: /Volumes/Lexar SSD 4TB - RAID0/GitHub/FAERS/datafiles/unzip/device/*2019q4*.json
2025-03-25 01:26:01,580 - WARNING - 注意: 启用递归搜索子目录
2025-03-25 01:26:01,580 - INFO - 开始分析数据类型: 2003q3
2025-03-25 01:26:01,582 - WARNING - 未找到匹配的文件: /Volumes/Lexar SSD 4TB - RAID0/GitHub/FAERS/datafiles/unzip/device/*2003q3*.json
2025-03-25 01:26:01,582 - WARNING - 注意: 启用递归搜索子目录
2025-03-25 01:26:01,582 - INFO - 开始分析数据类型: 2000q2
2025-03-25 01:26:01,585 - WARNING - 未找到匹配的文件: /Volumes/Lexar SSD 4TB - RAID0/GitHub/FAERS/datafiles/unzip/device/*2000q2*.json
2025-03-25 01:26:01,585 - WARNING - 注意: 启用递归搜索子目录
2025-03-25 01:26:01,585 - INFO - 开始分析数据类型: 2011q1
2025-03-25 01:26:01,586 - WARNING - 未找到匹配的文件: /Volumes/Lexar SSD 4TB - RAID0/GitHub/FAERS/datafiles/unzip/device/*2011q1*.json
2025-03-25 01:26:01,586 - WARNING - 注意: 启用递归搜索子目录
2025-03-25 01:26:01,586 - INFO - 开始分析数据类型: 2006q4
2025-03-25 01:26:01,588 - WARNING - 未找到匹配的文件: /Volumes/Lexar SSD 4TB - RAID0/GitHub/FAERS/datafiles/unzip/device/*2006q4*.json
2025-03-25 01:26:01,588 - WARNING - 注意: 启用递归搜索子目录
2025-03-25 01:26:01,588 - INFO - 开始分析数据类型: 2013q2
2025-03-25 01:26:01,590 - WARNING - 未找到匹配的文件: /Volumes/Lexar SSD 4TB - RAID0/GitHub/FAERS/datafiles/unzip/device/*2013q2*.json
2025-03-25 01:26:01,590 - WARNING - 注意: 启用递归搜索子目录
2025-03-25 01:26:01,590 - INFO - 开始分析数据类型: 1998q4
2025-03-25 01:26:01,592 - WARNING - 未找到匹配的文件: /Volumes/Lexar SSD 4TB - RAID0/GitHub/FAERS/datafiles/unzip/device/*1998q4*.json
2025-03-25 01:26:01,592 - WARNING - 注意: 启用递归搜索子目录
2025-03-25 01:26:01,592 - INFO - 开始分析数据类型: 2014q1
2025-03-25 01:26:01,594 - WARNING - 未找到匹配的文件: /Volumes/Lexar SSD 4TB - RAID0/GitHub/FAERS/datafiles/unzip/device/*2014q1*.json
2025-03-25 01:26:01,594 - WARNING - 注意: 启用递归搜索子目录
2025-03-25 01:26:01,594 - INFO - 开始分析数据类型: 2001q1
2025-03-25 01:26:01,596 - WARNING - 未找到匹配的文件: /Volumes/Lexar SSD 4TB - RAID0/GitHub/FAERS/datafiles/unzip/device/*2001q1*.json
2025-03-25 01:26:01,596 - WARNING - 注意: 启用递归搜索子目录
2025-03-25 01:26:01,596 - INFO - 开始分析数据类型: 2007q4
2025-03-25 01:26:01,598 - WARNING - 未找到匹配的文件: /Volumes/Lexar SSD 4TB - RAID0/GitHub/FAERS/datafiles/unzip/device/*2007q4*.json
2025-03-25 01:26:01,598 - WARNING - 注意: 启用递归搜索子目录
2025-03-25 01:26:01,598 - INFO - 开始分析数据类型: 2002q3
2025-03-25 01:26:01,599 - WARNING - 未找到匹配的文件: /Volumes/Lexar SSD 4TB - RAID0/GitHub/FAERS/datafiles/unzip/device/*2002q3*.json
2025-03-25 01:26:01,600 - WARNING - 注意: 启用递归搜索子目录
2025-03-25 01:26:01,600 - INFO - 开始分析数据类型: 2015q2
2025-03-25 01:26:01,601 - WARNING - 未找到匹配的文件: /Volumes/Lexar SSD 4TB - RAID0/GitHub/FAERS/datafiles/unzip/device/*2015q2*.json
2025-03-25 01:26:01,601 - WARNING - 注意: 启用递归搜索子目录
2025-03-25 01:26:01,601 - INFO - 开始分析数据类型: 2003q2
2025-03-25 01:26:01,603 - WARNING - 未找到匹配的文件: /Volumes/Lexar SSD 4TB - RAID0/GitHub/FAERS/datafiles/unzip/device/*2003q2*.json
2025-03-25 01:26:01,603 - WARNING - 注意: 启用递归搜索子目录
2025-03-25 01:26:01,603 - INFO - 开始分析数据类型: 2016q1
2025-03-25 01:26:01,605 - WARNING - 未找到匹配的文件: /Volumes/Lexar SSD 4TB - RAID0/GitHub/FAERS/datafiles/unzip/device/*2016q1*.json
2025-03-25 01:26:01,605 - WARNING - 注意: 启用递归搜索子目录
2025-03-25 01:26:01,605 - INFO - 开始分析数据类型: 1994q4
2025-03-25 01:26:01,607 - WARNING - 未找到匹配的文件: /Volumes/Lexar SSD 4TB - RAID0/GitHub/FAERS/datafiles/unzip/device/*1994q4*.json
2025-03-25 01:26:01,607 - WARNING - 注意: 启用递归搜索子目录
2025-03-25 01:26:01,607 - INFO - 开始分析数据类型: 2012q2
2025-03-25 01:26:01,609 - WARNING - 未找到匹配的文件: /Volumes/Lexar SSD 4TB - RAID0/GitHub/FAERS/datafiles/unzip/device/*2012q2*.json
2025-03-25 01:26:01,609 - WARNING - 注意: 启用递归搜索子目录
2025-03-25 01:26:01,609 - INFO - 开始分析数据类型: 2023q4
2025-03-25 01:26:01,611 - WARNING - 未找到匹配的文件: /Volumes/Lexar SSD 4TB - RAID0/GitHub/FAERS/datafiles/unzip/device/*2023q4*.json
2025-03-25 01:26:01,611 - WARNING - 注意: 启用递归搜索子目录
2025-03-25 01:26:01,611 - INFO - 开始分析数据类型: 2008q3
2025-03-25 01:26:01,613 - WARNING - 未找到匹配的文件: /Volumes/Lexar SSD 4TB - RAID0/GitHub/FAERS/datafiles/unzip/device/*2008q3*.json
2025-03-25 01:26:01,613 - WARNING - 注意: 启用递归搜索子目录
2025-03-25 01:26:01,613 - INFO - 开始分析数据类型: 2002q4
2025-03-25 01:26:01,615 - WARNING - 未找到匹配的文件: /Volumes/Lexar SSD 4TB - RAID0/GitHub/FAERS/datafiles/unzip/device/*2002q4*.json
2025-03-25 01:26:01,615 - WARNING - 注意: 启用递归搜索子目录
2025-03-25 01:26:01,615 - INFO - 开始分析数据类型: 2024q3
2025-03-25 01:26:01,617 - WARNING - 未找到匹配的文件: /Volumes/Lexar SSD 4TB - RAID0/GitHub/FAERS/datafiles/unzip/device/*2024q3*.json
2025-03-25 01:26:01,617 - WARNING - 注意: 启用递归搜索子目录
2025-03-25 01:26:01,617 - INFO - 开始分析数据类型: 2018q2
2025-03-25 01:26:01,618 - WARNING - 未找到匹配的文件: /Volumes/Lexar SSD 4TB - RAID0/GitHub/FAERS/datafiles/unzip/device/*2018q2*.json
2025-03-25 01:26:01,618 - WARNING - 注意: 启用递归搜索子目录
2025-03-25 01:26:01,618 - INFO - 开始分析数据类型: 1999q3
2025-03-25 01:26:01,620 - WARNING - 未找到匹配的文件: /Volumes/Lexar SSD 4TB - RAID0/GitHub/FAERS/datafiles/unzip/device/*1999q3*.json
2025-03-25 01:26:01,620 - WARNING - 注意: 启用递归搜索子目录
2025-03-25 01:26:01,620 - INFO - 开始分析数据类型: 2002q2
2025-03-25 01:26:01,622 - WARNING - 未找到匹配的文件: /Volumes/Lexar SSD 4TB - RAID0/GitHub/FAERS/datafiles/unzip/device/*2002q2*.json
2025-03-25 01:26:01,622 - WARNING - 注意: 启用递归搜索子目录
2025-03-25 01:26:01,622 - INFO - 开始分析数据类型: covid19serology
2025-03-25 01:26:01,624 - INFO - 找到 1 个匹配文件，将处理其中 1 个
2025-03-25 01:26:01,624 - INFO - 处理文件 1/1: device-covid19serology-0001-of-0001.json (/Volumes/Lexar SSD 4TB - RAID0/GitHub/FAERS/datafiles/unzip/device/covid19serology/device-covid19serology-0001-of-0001.json)
2025-03-25 01:26:01,896 - INFO - 已生成表结构CSV: ./output/covid19serology_tables.csv
2025-03-25 01:26:01,897 - INFO - 已生成字段映射CSV: ./output/covid19serology_fields.csv
2025-03-25 01:26:01,898 - INFO - 已生成表关系CSV: ./output/covid19serology_relationships.csv
2025-03-25 01:26:01,898 - INFO - 已生成优化后的表DDL: ./output/covid19serology_tables_optimized.sql
2025-03-25 01:26:01,898 - INFO - 已生成路径统计CSV: ./output/covid19serology_paths.csv
2025-03-25 01:26:01,898 - INFO - 开始分析数据类型: 2005q1
2025-03-25 01:26:01,900 - WARNING - 未找到匹配的文件: /Volumes/Lexar SSD 4TB - RAID0/GitHub/FAERS/datafiles/unzip/device/*2005q1*.json
2025-03-25 01:26:01,901 - WARNING - 注意: 启用递归搜索子目录
2025-03-25 01:26:01,901 - INFO - 开始分析数据类型: 2024q1
2025-03-25 01:26:01,903 - WARNING - 未找到匹配的文件: /Volumes/Lexar SSD 4TB - RAID0/GitHub/FAERS/datafiles/unzip/device/*2024q1*.json
2025-03-25 01:26:01,903 - WARNING - 注意: 启用递归搜索子目录
2025-03-25 01:26:01,903 - INFO - 开始分析数据类型: 2018q1
2025-03-25 01:26:01,905 - WARNING - 未找到匹配的文件: /Volumes/Lexar SSD 4TB - RAID0/GitHub/FAERS/datafiles/unzip/device/*2018q1*.json
2025-03-25 01:26:01,905 - WARNING - 注意: 启用递归搜索子目录
2025-03-25 01:26:01,905 - INFO - 开始分析数据类型: 2010q1
2025-03-25 01:26:01,907 - WARNING - 未找到匹配的文件: /Volumes/Lexar SSD 4TB - RAID0/GitHub/FAERS/datafiles/unzip/device/*2010q1*.json
2025-03-25 01:26:01,907 - WARNING - 注意: 启用递归搜索子目录
2025-03-25 01:26:01,907 - INFO - 开始分析数据类型: 2015q3
2025-03-25 01:26:01,908 - WARNING - 未找到匹配的文件: /Volumes/Lexar SSD 4TB - RAID0/GitHub/FAERS/datafiles/unzip/device/*2015q3*.json
2025-03-25 01:26:01,908 - WARNING - 注意: 启用递归搜索子目录
2025-03-25 01:26:01,909 - INFO - 开始分析数据类型: 2000q1
2025-03-25 01:26:01,910 - WARNING - 未找到匹配的文件: /Volumes/Lexar SSD 4TB - RAID0/GitHub/FAERS/datafiles/unzip/device/*2000q1*.json
2025-03-25 01:26:01,910 - WARNING - 注意: 启用递归搜索子目录
2025-03-25 01:26:01,910 - INFO - 开始分析数据类型: 2022q2
2025-03-25 01:26:01,912 - WARNING - 未找到匹配的文件: /Volumes/Lexar SSD 4TB - RAID0/GitHub/FAERS/datafiles/unzip/device/*2022q2*.json
2025-03-25 01:26:01,912 - WARNING - 注意: 启用递归搜索子目录
2025-03-25 01:26:01,912 - INFO - 开始分析数据类型: 2021q2
2025-03-25 01:26:01,914 - WARNING - 未找到匹配的文件: /Volumes/Lexar SSD 4TB - RAID0/GitHub/FAERS/datafiles/unzip/device/*2021q2*.json
2025-03-25 01:26:01,914 - WARNING - 注意: 启用递归搜索子目录
2025-03-25 01:26:01,914 - INFO - 开始分析数据类型: 2006q3
2025-03-25 01:26:01,916 - WARNING - 未找到匹配的文件: /Volumes/Lexar SSD 4TB - RAID0/GitHub/FAERS/datafiles/unzip/device/*2006q3*.json
2025-03-25 01:26:01,916 - WARNING - 注意: 启用递归搜索子目录
2025-03-25 01:26:01,916 - INFO - 开始分析数据类型: 2016q3
2025-03-25 01:26:01,918 - WARNING - 未找到匹配的文件: /Volumes/Lexar SSD 4TB - RAID0/GitHub/FAERS/datafiles/unzip/device/*2016q3*.json
2025-03-25 01:26:01,918 - WARNING - 注意: 启用递归搜索子目录
2025-03-25 01:26:01,918 - INFO - 开始分析数据类型: 1998q1
2025-03-25 01:26:01,920 - WARNING - 未找到匹配的文件: /Volumes/Lexar SSD 4TB - RAID0/GitHub/FAERS/datafiles/unzip/device/*1998q1*.json
2025-03-25 01:26:01,920 - WARNING - 注意: 启用递归搜索子目录
2025-03-25 01:26:01,920 - INFO - 开始分析数据类型: 1996q1
2025-03-25 01:26:01,922 - WARNING - 未找到匹配的文件: /Volumes/Lexar SSD 4TB - RAID0/GitHub/FAERS/datafiles/unzip/device/*1996q1*.json
2025-03-25 01:26:01,922 - WARNING - 注意: 启用递归搜索子目录
2025-03-25 01:26:01,922 - INFO - 开始分析数据类型: 1999q2
2025-03-25 01:26:01,924 - WARNING - 未找到匹配的文件: /Volumes/Lexar SSD 4TB - RAID0/GitHub/FAERS/datafiles/unzip/device/*1999q2*.json
2025-03-25 01:26:01,924 - WARNING - 注意: 启用递归搜索子目录
2025-03-25 01:26:01,924 - INFO - 开始分析数据类型: 1997q1
2025-03-25 01:26:01,926 - WARNING - 未找到匹配的文件: /Volumes/Lexar SSD 4TB - RAID0/GitHub/FAERS/datafiles/unzip/device/*1997q1*.json
2025-03-25 01:26:01,926 - WARNING - 注意: 启用递归搜索子目录
2025-03-25 01:26:01,926 - INFO - 开始分析数据类型: 2001q4
2025-03-25 01:26:01,928 - WARNING - 未找到匹配的文件: /Volumes/Lexar SSD 4TB - RAID0/GitHub/FAERS/datafiles/unzip/device/*2001q4*.json
2025-03-25 01:26:01,928 - WARNING - 注意: 启用递归搜索子目录
2025-03-25 01:26:01,928 - INFO - 开始分析数据类型: 2009q2
2025-03-25 01:26:01,930 - WARNING - 未找到匹配的文件: /Volumes/Lexar SSD 4TB - RAID0/GitHub/FAERS/datafiles/unzip/device/*2009q2*.json
2025-03-25 01:26:01,930 - WARNING - 注意: 启用递归搜索子目录
2025-03-25 01:26:01,930 - INFO - 开始分析数据类型: 1994q2
2025-03-25 01:26:01,931 - WARNING - 未找到匹配的文件: /Volumes/Lexar SSD 4TB - RAID0/GitHub/FAERS/datafiles/unzip/device/*1994q2*.json
2025-03-25 01:26:01,931 - WARNING - 注意: 启用递归搜索子目录
2025-03-25 01:26:01,932 - INFO - 开始分析数据类型: 2024q2
2025-03-25 01:26:01,933 - WARNING - 未找到匹配的文件: /Volumes/Lexar SSD 4TB - RAID0/GitHub/FAERS/datafiles/unzip/device/*2024q2*.json
2025-03-25 01:26:01,933 - WARNING - 注意: 启用递归搜索子目录
2025-03-25 01:26:01,933 - INFO - 开始分析数据类型: 1999q4
2025-03-25 01:26:01,935 - WARNING - 未找到匹配的文件: /Volumes/Lexar SSD 4TB - RAID0/GitHub/FAERS/datafiles/unzip/device/*1999q4*.json
2025-03-25 01:26:01,935 - WARNING - 注意: 启用递归搜索子目录
2025-03-25 01:26:01,935 - INFO - 开始分析数据类型: 2002q1
2025-03-25 01:26:01,937 - WARNING - 未找到匹配的文件: /Volumes/Lexar SSD 4TB - RAID0/GitHub/FAERS/datafiles/unzip/device/*2002q1*.json
2025-03-25 01:26:01,937 - WARNING - 注意: 启用递归搜索子目录
2025-03-25 01:26:01,937 - INFO - 开始分析数据类型: 1993q3
2025-03-25 01:26:01,939 - WARNING - 未找到匹配的文件: /Volumes/Lexar SSD 4TB - RAID0/GitHub/FAERS/datafiles/unzip/device/*1993q3*.json
2025-03-25 01:26:01,939 - WARNING - 注意: 启用递归搜索子目录
2025-03-25 01:26:01,939 - INFO - 开始分析数据类型: 2021q4
2025-03-25 01:26:01,941 - WARNING - 未找到匹配的文件: /Volumes/Lexar SSD 4TB - RAID0/GitHub/FAERS/datafiles/unzip/device/*2021q4*.json
2025-03-25 01:26:01,941 - WARNING - 注意: 启用递归搜索子目录
2025-03-25 01:26:01,941 - INFO - 开始分析数据类型: 2008q1
2025-03-25 01:26:01,943 - WARNING - 未找到匹配的文件: /Volumes/Lexar SSD 4TB - RAID0/GitHub/FAERS/datafiles/unzip/device/*2008q1*.json
2025-03-25 01:26:01,943 - WARNING - 注意: 启用递归搜索子目录
2025-03-25 01:26:01,943 - INFO - 开始分析数据类型: 2022q1
2025-03-25 01:26:01,945 - WARNING - 未找到匹配的文件: /Volumes/Lexar SSD 4TB - RAID0/GitHub/FAERS/datafiles/unzip/device/*2022q1*.json
2025-03-25 01:26:01,945 - WARNING - 注意: 启用递归搜索子目录
2025-03-25 01:26:01,945 - INFO - 开始分析数据类型: 2007q3
2025-03-25 01:26:01,947 - WARNING - 未找到匹配的文件: /Volumes/Lexar SSD 4TB - RAID0/GitHub/FAERS/datafiles/unzip/device/*2007q3*.json
2025-03-25 01:26:01,947 - WARNING - 注意: 启用递归搜索子目录
2025-03-25 01:26:01,947 - INFO - 开始分析数据类型: 2018q4
2025-03-25 01:26:01,949 - WARNING - 未找到匹配的文件: /Volumes/Lexar SSD 4TB - RAID0/GitHub/FAERS/datafiles/unzip/device/*2018q4*.json
2025-03-25 01:26:01,949 - WARNING - 注意: 启用递归搜索子目录
2025-03-25 01:26:01,949 - INFO - 开始分析数据类型: 1997q3
2025-03-25 01:26:01,951 - WARNING - 未找到匹配的文件: /Volumes/Lexar SSD 4TB - RAID0/GitHub/FAERS/datafiles/unzip/device/*1997q3*.json
2025-03-25 01:26:01,951 - WARNING - 注意: 启用递归搜索子目录
2025-03-25 01:26:01,951 - INFO - 开始分析数据类型: pma
2025-03-25 01:26:01,952 - INFO - 找到 1 个匹配文件，将处理其中 1 个
2025-03-25 01:26:01,952 - INFO - 处理文件 1/1: device-pma-0001-of-0001.json (/Volumes/Lexar SSD 4TB - RAID0/GitHub/FAERS/datafiles/unzip/device/pma/device-pma-0001-of-0001.json)
2025-03-25 01:26:03,441 - INFO - 已生成表结构CSV: ./output/pma_tables.csv
2025-03-25 01:26:03,441 - INFO - 已生成字段映射CSV: ./output/pma_fields.csv
2025-03-25 01:26:03,442 - INFO - 已生成表关系CSV: ./output/pma_relationships.csv
2025-03-25 01:26:03,442 - INFO - 已生成优化后的表DDL: ./output/pma_tables_optimized.sql
2025-03-25 01:26:03,442 - INFO - 已生成路径统计CSV: ./output/pma_paths.csv
2025-03-25 01:26:03,442 - INFO - 开始分析数据类型: 2009q1
2025-03-25 01:26:03,444 - WARNING - 未找到匹配的文件: /Volumes/Lexar SSD 4TB - RAID0/GitHub/FAERS/datafiles/unzip/device/*2009q1*.json
2025-03-25 01:26:03,444 - WARNING - 注意: 启用递归搜索子目录
2025-03-25 01:26:03,444 - INFO - 开始分析数据类型: 2005q3
2025-03-25 01:26:03,446 - WARNING - 未找到匹配的文件: /Volumes/Lexar SSD 4TB - RAID0/GitHub/FAERS/datafiles/unzip/device/*2005q3*.json
2025-03-25 01:26:03,446 - WARNING - 注意: 启用递归搜索子目录
2025-03-25 01:26:03,446 - INFO - 开始分析数据类型: 2012q3
2025-03-25 01:26:03,448 - WARNING - 未找到匹配的文件: /Volumes/Lexar SSD 4TB - RAID0/GitHub/FAERS/datafiles/unzip/device/*2012q3*.json
2025-03-25 01:26:03,448 - WARNING - 注意: 启用递归搜索子目录
2025-03-25 01:26:03,448 - INFO - 开始分析数据类型: enforcement
2025-03-25 01:26:03,450 - INFO - 找到 1 个匹配文件，将处理其中 1 个
2025-03-25 01:26:03,450 - INFO - 处理文件 1/1: device-enforcement-0001-of-0001.json (/Volumes/Lexar SSD 4TB - RAID0/GitHub/FAERS/datafiles/unzip/device/enforcement/device-enforcement-0001-of-0001.json)
2025-03-25 01:26:04,445 - INFO - 已生成表结构CSV: ./output/enforcement_tables.csv
2025-03-25 01:26:04,446 - INFO - 已生成字段映射CSV: ./output/enforcement_fields.csv
2025-03-25 01:26:04,446 - INFO - 已生成表关系CSV: ./output/enforcement_relationships.csv
2025-03-25 01:26:04,446 - INFO - 已生成优化后的表DDL: ./output/enforcement_tables_optimized.sql
2025-03-25 01:26:04,447 - INFO - 已生成路径统计CSV: ./output/enforcement_paths.csv
2025-03-25 01:26:04,447 - INFO - 开始分析数据类型: 1991q4
2025-03-25 01:26:04,449 - WARNING - 未找到匹配的文件: /Volumes/Lexar SSD 4TB - RAID0/GitHub/FAERS/datafiles/unzip/device/*1991q4*.json
2025-03-25 01:26:04,449 - WARNING - 注意: 启用递归搜索子目录
2025-03-25 01:26:04,449 - INFO - 开始分析数据类型: 2007q1
2025-03-25 01:26:04,451 - WARNING - 未找到匹配的文件: /Volumes/Lexar SSD 4TB - RAID0/GitHub/FAERS/datafiles/unzip/device/*2007q1*.json
2025-03-25 01:26:04,451 - WARNING - 注意: 启用递归搜索子目录
2025-03-25 01:26:04,451 - INFO - 开始分析数据类型: 2013q3
2025-03-25 01:26:04,453 - WARNING - 未找到匹配的文件: /Volumes/Lexar SSD 4TB - RAID0/GitHub/FAERS/datafiles/unzip/device/*2013q3*.json
2025-03-25 01:26:04,453 - WARNING - 注意: 启用递归搜索子目录
2025-03-25 01:26:04,453 - INFO - 开始分析数据类型: 1995q1
2025-03-25 01:26:04,455 - WARNING - 未找到匹配的文件: /Volumes/Lexar SSD 4TB - RAID0/GitHub/FAERS/datafiles/unzip/device/*1995q1*.json
2025-03-25 01:26:04,455 - WARNING - 注意: 启用递归搜索子目录
2025-03-25 01:26:04,455 - INFO - 开始分析数据类型: 1996q3
2025-03-25 01:26:04,457 - WARNING - 未找到匹配的文件: /Volumes/Lexar SSD 4TB - RAID0/GitHub/FAERS/datafiles/unzip/device/*1996q3*.json
2025-03-25 01:26:04,457 - WARNING - 注意: 启用递归搜索子目录
2025-03-25 01:26:04,457 - INFO - 开始分析数据类型: 2007q2
2025-03-25 01:26:04,459 - WARNING - 未找到匹配的文件: /Volumes/Lexar SSD 4TB - RAID0/GitHub/FAERS/datafiles/unzip/device/*2007q2*.json
2025-03-25 01:26:04,459 - WARNING - 注意: 启用递归搜索子目录
2025-03-25 01:26:04,459 - INFO - 开始分析数据类型: 1994q3
2025-03-25 01:26:04,461 - WARNING - 未找到匹配的文件: /Volumes/Lexar SSD 4TB - RAID0/GitHub/FAERS/datafiles/unzip/device/*1994q3*.json
2025-03-25 01:26:04,461 - WARNING - 注意: 启用递归搜索子目录
2025-03-25 01:26:04,461 - INFO - 开始分析数据类型: 1993q1
2025-03-25 01:26:04,463 - WARNING - 未找到匹配的文件: /Volumes/Lexar SSD 4TB - RAID0/GitHub/FAERS/datafiles/unzip/device/*1993q1*.json
2025-03-25 01:26:04,463 - WARNING - 注意: 启用递归搜索子目录
2025-03-25 01:26:04,463 - INFO - 开始分析数据类型: 1993q2
2025-03-25 01:26:04,464 - WARNING - 未找到匹配的文件: /Volumes/Lexar SSD 4TB - RAID0/GitHub/FAERS/datafiles/unzip/device/*1993q2*.json
2025-03-25 01:26:04,464 - WARNING - 注意: 启用递归搜索子目录
2025-03-25 01:26:04,464 - INFO - 开始分析数据类型: 2014q4
2025-03-25 01:26:04,466 - WARNING - 未找到匹配的文件: /Volumes/Lexar SSD 4TB - RAID0/GitHub/FAERS/datafiles/unzip/device/*2014q4*.json
2025-03-25 01:26:04,466 - WARNING - 注意: 启用递归搜索子目录
2025-03-25 01:26:04,466 - INFO - 开始分析数据类型: 2012q1
2025-03-25 01:26:04,468 - WARNING - 未找到匹配的文件: /Volumes/Lexar SSD 4TB - RAID0/GitHub/FAERS/datafiles/unzip/device/*2012q1*.json
2025-03-25 01:26:04,468 - WARNING - 注意: 启用递归搜索子目录
2025-03-25 01:26:04,468 - INFO - 开始分析数据类型: 2011q4
2025-03-25 01:26:04,470 - WARNING - 未找到匹配的文件: /Volumes/Lexar SSD 4TB - RAID0/GitHub/FAERS/datafiles/unzip/device/*2011q4*.json
2025-03-25 01:26:04,470 - WARNING - 注意: 启用递归搜索子目录
2025-03-25 01:26:04,470 - INFO - 开始分析数据类型: 1997q4
2025-03-25 01:26:04,472 - WARNING - 未找到匹配的文件: /Volumes/Lexar SSD 4TB - RAID0/GitHub/FAERS/datafiles/unzip/device/*1997q4*.json
2025-03-25 01:26:04,472 - WARNING - 注意: 启用递归搜索子目录
2025-03-25 01:26:04,472 - INFO - 开始分析数据类型: 1995q3
2025-03-25 01:26:04,474 - WARNING - 未找到匹配的文件: /Volumes/Lexar SSD 4TB - RAID0/GitHub/FAERS/datafiles/unzip/device/*1995q3*.json
2025-03-25 01:26:04,474 - WARNING - 注意: 启用递归搜索子目录
2025-03-25 01:26:04,474 - INFO - 开始分析数据类型: 1995q2
2025-03-25 01:26:04,476 - WARNING - 未找到匹配的文件: /Volumes/Lexar SSD 4TB - RAID0/GitHub/FAERS/datafiles/unzip/device/*1995q2*.json
2025-03-25 01:26:04,476 - WARNING - 注意: 启用递归搜索子目录
2025-03-25 01:26:04,476 - INFO - 开始分析数据类型: 2004q1
2025-03-25 01:26:04,478 - WARNING - 未找到匹配的文件: /Volumes/Lexar SSD 4TB - RAID0/GitHub/FAERS/datafiles/unzip/device/*2004q1*.json
2025-03-25 01:26:04,478 - WARNING - 注意: 启用递归搜索子目录
2025-03-25 01:26:04,478 - INFO - 开始分析数据类型: 1997q2
2025-03-25 01:26:04,480 - WARNING - 未找到匹配的文件: /Volumes/Lexar SSD 4TB - RAID0/GitHub/FAERS/datafiles/unzip/device/*1997q2*.json
2025-03-25 01:26:04,480 - WARNING - 注意: 启用递归搜索子目录
2025-03-25 01:26:04,480 - INFO - 开始分析数据类型: 2021q3
2025-03-25 01:26:04,481 - WARNING - 未找到匹配的文件: /Volumes/Lexar SSD 4TB - RAID0/GitHub/FAERS/datafiles/unzip/device/*2021q3*.json
2025-03-25 01:26:04,481 - WARNING - 注意: 启用递归搜索子目录
2025-03-25 01:26:04,481 - INFO - 开始分析跨类型关系 (优化版)
2025-03-25 01:26:04,530 - INFO - 发现 2187 个跨类型关系
2025-03-25 01:26:04,530 - INFO - 最可能的跨类型关系:
2025-03-25 01:26:04,530 - INFO -   registrationlisting.k_number -> recall.k_number (可信度: 1.76)
2025-03-25 01:26:04,530 - INFO -   registrationlisting.pma_number -> classification.pma_number (可信度: 1.76)
2025-03-25 01:26:04,530 - INFO -   classification.pma_number -> recall.k_number (可信度: 1.65)
2025-03-25 01:26:04,530 - INFO -   registrationlisting.pma_number -> recall.k_number (可信度: 1.65)
2025-03-25 01:26:04,530 - INFO -   registrationlisting.k_number -> classification.pma_number (可信度: 1.65)
2025-03-25 01:26:04,530 - INFO -   pma.regulation_number -> recall.regulation_number (可信度: 1.62)
2025-03-25 01:26:04,530 - INFO -   event.registration_number -> recall.k_number (可信度: 1.56)
2025-03-25 01:26:04,530 - INFO -   classification.pma_number -> event.registration_number (可信度: 1.56)
2025-03-25 01:26:04,530 - INFO -   registrationlisting.pma_number -> event.registration_number (可信度: 1.56)
2025-03-25 01:26:04,530 - INFO -   registrationlisting.k_number -> event.registration_number (可信度: 1.56)
2025-03-25 01:26:04,541 - INFO - 已生成跨类型关系CSV: ./output/cross_type_relations.csv
2025-03-25 01:26:04,542 - INFO - 已生成关系分组CSV: ./output/relation_groups.csv
2025-03-25 01:26:04,544 - INFO - 已生成关系图DOT文件: ./output/relation_graph.dot
2025-03-25 01:26:04,544 - INFO - 可使用Graphviz工具将DOT文件转换为可视化图表
2025-03-25 01:26:04,545 - INFO - 已生成SQL约束文件: ./output/cross_type_constraints.sql
2025-03-25 01:26:04,546 - WARNING - 表依赖关系中存在循环，无法完全排序
2025-03-25 01:26:04,548 - INFO - 已生成优化版综合数据库模式: ./output/fda_combined_schema_optimized.sql
2025-03-25 01:26:04,548 - INFO - 
跨类型分析结果:
2025-03-25 01:26:04,548 - INFO -   发现数据类型: recall, k510, event, classification, registrationlisting, udi, covid19serology, pma, enforcement
2025-03-25 01:26:04,548 - INFO -   总表数: 25
2025-03-25 01:26:04,548 - INFO -   跨类型关系: 2187
2025-03-25 01:26:04,548 - INFO - 
要生成关系图，可使用以下命令:
2025-03-25 01:26:04,548 - INFO -   dot -Tpng output/relation_graph.dot -o output/relation_graph.png
2025-03-25 01:26:04,548 - INFO -   或访问 https://dreampuf.github.io/GraphvizOnline/ 上传dot文件可视化
2025-03-25 01:26:04,548 - INFO - 分析完成: 2025-03-25 01:26:04.548935
2025-03-25 01:26:04,548 - INFO - 总耗时: 0:02:20.248083
